0 info it worked if it ends with ok
1 verbose cli [ '/usr/local/bin/node',
1 verbose cli   '/usr/local/bin/npm',
1 verbose cli   'install',
1 verbose cli   '-g',
1 verbose cli   'bower' ]
2 info using npm@3.6.0
3 info using node@v5.7.0
4 silly loadCurrentTree Starting
5 silly install loadCurrentTree
6 silly install readGlobalPackageData
7 silly fetchPackageMetaData bower
8 silly fetchNamedPackageData bower
9 silly mapToRegistry name bower
10 silly mapToRegistry using default registry
11 silly mapToRegistry registry https://registry.npmjs.org/
12 silly mapToRegistry uri https://registry.npmjs.org/bower
13 verbose request uri https://registry.npmjs.org/bower
14 verbose request no auth needed
15 info attempt registry request try #1 at 4:26:39 PM
16 verbose request id c7226d97602d5d97
17 verbose etag "2UZ1USYDC3PX7QIF6P9NM7HWW"
18 http request GET https://registry.npmjs.org/bower
19 http 200 https://registry.npmjs.org/bower
20 verbose headers { server: 'CouchDB/1.5.0 (Erlang OTP/R16B03)',
20 verbose headers   etag: '"1AKVYVYK36FUNTO2W7B3IWWFY"',
20 verbose headers   'content-type': 'application/json',
20 verbose headers   'cache-control': 'max-age=300',
20 verbose headers   'content-length': '169422',
20 verbose headers   'accept-ranges': 'bytes',
20 verbose headers   date: 'Wed, 16 Mar 2016 20:26:40 GMT',
20 verbose headers   via: '1.1 varnish',
20 verbose headers   age: '89',
20 verbose headers   connection: 'keep-alive',
20 verbose headers   'x-served-by': 'cache-atl6240-ATL',
20 verbose headers   'x-cache': 'HIT',
20 verbose headers   'x-cache-hits': '3',
20 verbose headers   'x-timer': 'S1458160000.135768,VS0,VE0',
20 verbose headers   vary: 'Accept' }
21 silly get cb [ 200,
21 silly get   { server: 'CouchDB/1.5.0 (Erlang OTP/R16B03)',
21 silly get     etag: '"1AKVYVYK36FUNTO2W7B3IWWFY"',
21 silly get     'content-type': 'application/json',
21 silly get     'cache-control': 'max-age=300',
21 silly get     'content-length': '169422',
21 silly get     'accept-ranges': 'bytes',
21 silly get     date: 'Wed, 16 Mar 2016 20:26:40 GMT',
21 silly get     via: '1.1 varnish',
21 silly get     age: '89',
21 silly get     connection: 'keep-alive',
21 silly get     'x-served-by': 'cache-atl6240-ATL',
21 silly get     'x-cache': 'HIT',
21 silly get     'x-cache-hits': '3',
21 silly get     'x-timer': 'S1458160000.135768,VS0,VE0',
21 silly get     vary: 'Accept' } ]
22 verbose get saving bower to /Users/scott/.npm/registry.npmjs.org/bower/.cache.json
23 verbose correctMkdir /Users/scott/.npm correctMkdir not in flight; initializing
24 silly install normalizeTree
25 silly loadCurrentTree Finishing
26 silly loadIdealTree Starting
27 silly install loadIdealTree
28 silly cloneCurrentTree Starting
29 silly install cloneCurrentTreeToIdealTree
30 silly cloneCurrentTree Finishing
31 silly loadShrinkwrap Starting
32 silly install loadShrinkwrap
33 silly loadShrinkwrap Finishing
34 silly loadAllDepsIntoIdealTree Starting
35 silly install loadAllDepsIntoIdealTree
36 silly resolveWithNewModule bower@1.7.7 checking installable status
37 silly cache add args [ 'bower', null ]
38 verbose cache add spec bower
39 silly cache add parsed spec Result {
39 silly cache add   raw: 'bower',
39 silly cache add   scope: null,
39 silly cache add   name: 'bower',
39 silly cache add   rawSpec: '',
39 silly cache add   spec: 'latest',
39 silly cache add   type: 'tag' }
40 silly addNamed bower@latest
41 verbose addNamed "latest" is being treated as a dist-tag for bower
42 info addNameTag [ 'bower', 'latest' ]
43 silly mapToRegistry name bower
44 silly mapToRegistry using default registry
45 silly mapToRegistry registry https://registry.npmjs.org/
46 silly mapToRegistry uri https://registry.npmjs.org/bower
47 verbose addNameTag registry:https://registry.npmjs.org/bower not in flight; fetching
48 verbose get https://registry.npmjs.org/bower not expired, no request
49 silly addNameTag next cb for bower with tag latest
50 silly addNamed bower@1.7.7
51 verbose addNamed "1.7.7" is a plain semver version for bower
52 silly cache afterAdd bower@1.7.7
53 verbose afterAdd /Users/scott/.npm/bower/1.7.7/package/package.json not in flight; writing
54 verbose correctMkdir /Users/scott/.npm correctMkdir not in flight; initializing
55 verbose afterAdd /Users/scott/.npm/bower/1.7.7/package/package.json written
56 silly loadAllDepsIntoIdealTree Finishing
57 silly idealTree:prePrune lib
57 silly idealTree:prePrune └── bower@1.7.7
58 silly loadIdealTree Finishing
59 silly currentTree lib
59 silly currentTree └── bower@1.7.7
60 silly idealTree lib
60 silly idealTree └── bower@1.7.7
61 silly generateActionsToTake Starting
62 silly install generateActionsToTake
63 warn checkPermissions Missing write access to /usr/local/lib/node_modules/bower
64 warn checkPermissions Missing write access to /usr/local/lib/node_modules
65 silly rollbackFailedOptional Starting
66 silly rollbackFailedOptional Finishing
67 silly runTopLevelLifecycles Starting
68 silly runTopLevelLifecycles Finishing
69 silly install printInstalled
70 verbose stack Error: EACCES: permission denied, access '/usr/local/lib/node_modules/bower'
70 verbose stack     at Error (native)
71 verbose cwd /Users/scott/thirdchannel/foliage
72 error Darwin 14.5.0
73 error argv "/usr/local/bin/node" "/usr/local/bin/npm" "install" "-g" "bower"
74 error node v5.7.0
75 error npm  v3.6.0
76 error path /usr/local/lib/node_modules/bower
77 error code EACCES
78 error errno -13
79 error syscall access
80 error Error: EACCES: permission denied, access '/usr/local/lib/node_modules/bower'
80 error     at Error (native)
80 error  { [Error: EACCES: permission denied, access '/usr/local/lib/node_modules/bower']
80 error   errno: -13,
80 error   code: 'EACCES',
80 error   syscall: 'access',
80 error   path: '/usr/local/lib/node_modules/bower' }
81 error Please try running this command again as root/Administrator.
82 verbose exit [ -13, true ]
